[2021-11-22 13:06:12] local.ERROR: filemtime(): stat failed for C:\Users\ASUS\Documents\GitHub\MPES\mpes\.env {"exception":"[object] (ErrorException(code: 0): filemtime(): stat failed for C:\\Users\\ASUS\\Documents\\GitHub\\MPES\\mpes\\.env at C:\\Users\\ASUS\\Documents\\GitHub\\MPES\\mpes\\vendor\\laravel\\framework\\src\\Illuminate\\Foundation\\Console\\ServeCommand.php:66)
[stacktrace]
#0 [internal function]: Illuminate\\Foundation\\Bootstrap\\HandleExceptions->handleError(2, 'filemtime(): st...', 'C:\\\\Users\\\\ASUS\\\\D...', 66)
#1 C:\\Users\\ASUS\\Documents\\GitHub\\MPES\\mpes\\vendor\\laravel\\framework\\src\\Illuminate\\Foundation\\Console\\ServeCommand.php(66): filemtime('C:\\\\Users\\\\ASUS\\\\D...')
#2 C:\\Users\\ASUS\\Documents\\GitHub\\MPES\\mpes\\vendor\\laravel\\framework\\src\\Illuminate\\Container\\BoundMethod.php(36): Illuminate\\Foundation\\Console\\ServeCommand->handle()
#3 C:\\Users\\ASUS\\Documents\\GitHub\\MPES\\mpes\\vendor\\laravel\\framework\\src\\Illuminate\\Container\\Util.php(40): Illuminate\\Container\\BoundMethod::Illuminate\\Container\\{closure}()
#4 C:\\Users\\ASUS\\Documents\\GitHub\\MPES\\mpes\\vendor\\laravel\\framework\\src\\Illuminate\\Container\\BoundMethod.php(93): Illuminate\\Container\\Util::unwrapIfClosure(Object(Closure))
#5 C:\\Users\\ASUS\\Documents\\GitHub\\MPES\\mpes\\vendor\\laravel\\framework\\src\\Illuminate\\Container\\BoundMethod.php(37): Illuminate\\Container\\BoundMethod::callBoundMethod(Object(Illuminate\\Foundation\\Application), Array, Object(Closure))
#6 C:\\Users\\ASUS\\Documents\\GitHub\\MPES\\mpes\\vendor\\laravel\\framework\\src\\Illuminate\\Container\\Container.php(653): Illuminate\\Container\\BoundMethod::call(Object(Illuminate\\Foundation\\Application), Array, Array, NULL)
#7 C:\\Users\\ASUS\\Documents\\GitHub\\MPES\\mpes\\vendor\\laravel\\framework\\src\\Illuminate\\Console\\Command.php(136): Illuminate\\Container\\Container->call(Array)
#8 C:\\Users\\ASUS\\Documents\\GitHub\\MPES\\mpes\\vendor\\symfony\\console\\Command\\Command.php(299): Illuminate\\Console\\Command->execute(Object(Symfony\\Component\\Console\\Input\\ArgvInput), Object(Illuminate\\Console\\OutputStyle))
#9 C:\\Users\\ASUS\\Documents\\GitHub\\MPES\\mpes\\vendor\\laravel\\framework\\src\\Illuminate\\Console\\Command.php(121): Symfony\\Component\\Console\\Command\\Command->run(Object(Symfony\\Component\\Console\\Input\\ArgvInput), Object(Illuminate\\Console\\OutputStyle))
#10 C:\\Users\\ASUS\\Documents\\GitHub\\MPES\\mpes\\vendor\\symfony\\console\\Application.php(978): Illuminate\\Console\\Command->run(Object(Symfony\\Component\\Console\\Input\\ArgvInput), Object(Symfony\\Component\\Console\\Output\\ConsoleOutput))
#11 C:\\Users\\ASUS\\Documents\\GitHub\\MPES\\mpes\\vendor\\symfony\\console\\Application.php(295): Symfony\\Component\\Console\\Application->doRunCommand(Object(Illuminate\\Foundation\\Console\\ServeCommand), Object(Symfony\\Component\\Console\\Input\\ArgvInput), Object(Symfony\\Component\\Console\\Output\\ConsoleOutput))
#12 C:\\Users\\ASUS\\Documents\\GitHub\\MPES\\mpes\\vendor\\symfony\\console\\Application.php(167): Symfony\\Component\\Console\\Application->doRun(Object(Symfony\\Component\\Console\\Input\\ArgvInput), Object(Symfony\\Component\\Console\\Output\\ConsoleOutput))
#13 C:\\Users\\ASUS\\Documents\\GitHub\\MPES\\mpes\\vendor\\laravel\\framework\\src\\Illuminate\\Console\\Application.php(94): Symfony\\Component\\Console\\Application->run(Object(Symfony\\Component\\Console\\Input\\ArgvInput), Object(Symfony\\Component\\Console\\Output\\ConsoleOutput))
#14 C:\\Users\\ASUS\\Documents\\GitHub\\MPES\\mpes\\vendor\\laravel\\framework\\src\\Illuminate\\Foundation\\Console\\Kernel.php(129): Illuminate\\Console\\Application->run(Object(Symfony\\Component\\Console\\Input\\ArgvInput), Object(Symfony\\Component\\Console\\Output\\ConsoleOutput))
#15 C:\\Users\\ASUS\\Documents\\GitHub\\MPES\\mpes\\artisan(37): Illuminate\\Foundation\\Console\\Kernel->handle(Object(Symfony\\Component\\Console\\Input\\ArgvInput), Object(Symfony\\Component\\Console\\Output\\ConsoleOutput))
#16 {main}
"} 
[2021-11-22 13:06:12] local.ERROR: Uncaught Whoops\Exception\ErrorException: include(C:\Users\ASUS\Documents\GitHub\MPES\mpes\vendor\composer/../facade/ignition/src/SolutionProviders/IncorrectValetDbCredentialsSolutionProvider.php): Failed to open stream: No such file or directory in C:\Users\ASUS\Documents\GitHub\MPES\mpes\vendor\composer\ClassLoader.php:571
Stack trace:
#0 C:\Users\ASUS\Documents\GitHub\MPES\mpes\vendor\composer\ClassLoader.php(571): Whoops\Run->handleError(2, 'include(C:\\User...', 'C:\\Users\\ASUS\\D...', 571)
#1 C:\Users\ASUS\Documents\GitHub\MPES\mpes\vendor\composer\ClassLoader.php(571): include()
#2 C:\Users\ASUS\Documents\GitHub\MPES\mpes\vendor\composer\ClassLoader.php(428): Composer\Autoload\includeFile('C:\\Users\\ASUS\\D...')
#3 [internal function]: Composer\Autoload\ClassLoader->loadClass('Facade\\Ignition...')
#4 C:\Users\ASUS\Documents\GitHub\MPES\mpes\vendor\facade\ignition\src\SolutionProviders\SolutionProviderRepository.php(50): class_implements('Facade\\Ignition...')
#5 [internal function]: Facade\Ignition\SolutionProviders\SolutionProviderRepository->Facade\Ignition\SolutionProviders\{closure}('Facade\\Ignition...', 0)
#6 C:\Users\ASUS\Documents\GitHub\MPES\mpes\vendor\laravel\framework\src\Illuminate\Collections\Arr.php(700): array_filter(Array, Object(Closure), 1)
#7 C:\Users\ASUS\Documents\GitHub\MPES\mpes\vendor\laravel\framework\src\Illuminate\Collections\Collection.php(345): Illuminate\Support\Arr::where(Array, Object(Closure))
#8 C:\Users\ASUS\Documents\GitHub\MPES\mpes\vendor\facade\ignition\src\SolutionProviders\SolutionProviderRepository.php(59): Illuminate\Support\Collection->filter(Object(Closure))
#9 C:\Users\ASUS\Documents\GitHub\MPES\mpes\vendor\nunomaduro\collision\src\Adapters\Laravel\IgnitionSolutionsRepository.php(36): Facade\Ignition\SolutionProviders\SolutionProviderRepository->getSolutionsForThrowable(Object(Whoops\Exception\ErrorException))
#10 C:\Users\ASUS\Documents\GitHub\MPES\mpes\vendor\nunomaduro\collision\src\Writer.php(244): NunoMaduro\Collision\Adapters\Laravel\IgnitionSolutionsRepository->getFromThrowable(Object(Whoops\Exception\ErrorException))
#11 C:\Users\ASUS\Documents\GitHub\MPES\mpes\vendor\nunomaduro\collision\src\Writer.php(123): NunoMaduro\Collision\Writer->renderSolution(Object(Whoops\Exception\Inspector))
#12 C:\Users\ASUS\Documents\GitHub\MPES\mpes\vendor\nunomaduro\collision\src\Handler.php(39): NunoMaduro\Collision\Writer->write(Object(Whoops\Exception\Inspector))
#13 C:\Users\ASUS\Documents\GitHub\MPES\mpes\vendor\filp\whoops\src\Whoops\Run.php(370): NunoMaduro\Collision\Handler->handle(Object(Whoops\Exception\ErrorException))
#14 [internal function]: Whoops\Run->handleException(Object(Whoops\Exception\ErrorException))
#15 {main}
  thrown {"exception":"[object] (Symfony\\Component\\ErrorHandler\\Error\\FatalError(code: 0): Uncaught Whoops\\Exception\\ErrorException: include(C:\\Users\\ASUS\\Documents\\GitHub\\MPES\\mpes\\vendor\\composer/../facade/ignition/src/SolutionProviders/IncorrectValetDbCredentialsSolutionProvider.php): Failed to open stream: No such file or directory in C:\\Users\\ASUS\\Documents\\GitHub\\MPES\\mpes\\vendor\\composer\\ClassLoader.php:571
Stack trace:
#0 C:\\Users\\ASUS\\Documents\\GitHub\\MPES\\mpes\\vendor\\composer\\ClassLoader.php(571): Whoops\\Run->handleError(2, 'include(C:\\\\User...', 'C:\\\\Users\\\\ASUS\\\\D...', 571)
#1 C:\\Users\\ASUS\\Documents\\GitHub\\MPES\\mpes\\vendor\\composer\\ClassLoader.php(571): include()
#2 C:\\Users\\ASUS\\Documents\\GitHub\\MPES\\mpes\\vendor\\composer\\ClassLoader.php(428): Composer\\Autoload\\includeFile('C:\\\\Users\\\\ASUS\\\\D...')
#3 [internal function]: Composer\\Autoload\\ClassLoader->loadClass('Facade\\\\Ignition...')
#4 C:\\Users\\ASUS\\Documents\\GitHub\\MPES\\mpes\\vendor\\facade\\ignition\\src\\SolutionProviders\\SolutionProviderRepository.php(50): class_implements('Facade\\\\Ignition...')
#5 [internal function]: Facade\\Ignition\\SolutionProviders\\SolutionProviderRepository->Facade\\Ignition\\SolutionProviders\\{closure}('Facade\\\\Ignition...', 0)
#6 C:\\Users\\ASUS\\Documents\\GitHub\\MPES\\mpes\\vendor\\laravel\\framework\\src\\Illuminate\\Collections\\Arr.php(700): array_filter(Array, Object(Closure), 1)
#7 C:\\Users\\ASUS\\Documents\\GitHub\\MPES\\mpes\\vendor\\laravel\\framework\\src\\Illuminate\\Collections\\Collection.php(345): Illuminate\\Support\\Arr::where(Array, Object(Closure))
#8 C:\\Users\\ASUS\\Documents\\GitHub\\MPES\\mpes\\vendor\\facade\\ignition\\src\\SolutionProviders\\SolutionProviderRepository.php(59): Illuminate\\Support\\Collection->filter(Object(Closure))
#9 C:\\Users\\ASUS\\Documents\\GitHub\\MPES\\mpes\\vendor\
unomaduro\\collision\\src\\Adapters\\Laravel\\IgnitionSolutionsRepository.php(36): Facade\\Ignition\\SolutionProviders\\SolutionProviderRepository->getSolutionsForThrowable(Object(Whoops\\Exception\\ErrorException))
#10 C:\\Users\\ASUS\\Documents\\GitHub\\MPES\\mpes\\vendor\
unomaduro\\collision\\src\\Writer.php(244): NunoMaduro\\Collision\\Adapters\\Laravel\\IgnitionSolutionsRepository->getFromThrowable(Object(Whoops\\Exception\\ErrorException))
#11 C:\\Users\\ASUS\\Documents\\GitHub\\MPES\\mpes\\vendor\
unomaduro\\collision\\src\\Writer.php(123): NunoMaduro\\Collision\\Writer->renderSolution(Object(Whoops\\Exception\\Inspector))
#12 C:\\Users\\ASUS\\Documents\\GitHub\\MPES\\mpes\\vendor\
unomaduro\\collision\\src\\Handler.php(39): NunoMaduro\\Collision\\Writer->write(Object(Whoops\\Exception\\Inspector))
#13 C:\\Users\\ASUS\\Documents\\GitHub\\MPES\\mpes\\vendor\\filp\\whoops\\src\\Whoops\\Run.php(370): NunoMaduro\\Collision\\Handler->handle(Object(Whoops\\Exception\\ErrorException))
#14 [internal function]: Whoops\\Run->handleException(Object(Whoops\\Exception\\ErrorException))
#15 {main}
  thrown at C:\\Users\\ASUS\\Documents\\GitHub\\MPES\\mpes\\vendor\\composer\\ClassLoader.php:571)
[stacktrace]
#0 {main}
"} 
